#
# There is insufficient memory for the Java Runtime Environment to continue.
# Native memory allocation (malloc) failed to allocate 846576 bytes for Chunk::new
# Possible reasons:
#   The system is out of physical RAM or swap space
#   The process is running with CompressedOops enabled, and the Java Heap may be blocking the growth of the native heap
# Possible solutions:
#   Reduce memory load on the system
#   Increase physical memory or swap space
#   Check if swap backing store is full
#   Decrease Java heap size (-Xmx/-Xms)
#   Decrease number of Java threads
#   Decrease Java thread stack sizes (-Xss)
#   Set larger code cache with -XX:ReservedCodeCacheSize=
#   JVM is running with Zero Based Compressed Oops mode in which the Java heap is
#     placed in the first 32GB address space. The Java Heap base address is the
#     maximum limit for the native heap growth. Please use -XX:HeapBaseMinAddress
#     to set the Java Heap base and to place the Java Heap above 32GB virtual address.
# This output file may be truncated or incomplete.
#
#  Out of Memory Error (./open/src/hotspot/share/memory/arena.cpp:197), pid=19648, tid=2628
#
# JRE version: Java(TM) SE Runtime Environment 18.9 (11.0.21+9) (build 11.0.21+9-LTS-193)
# Java VM: Java HotSpot(TM) 64-Bit Server VM 18.9 (11.0.21+9-LTS-193, mixed mode, tiered, compressed oops, g1 gc, windows-amd64)
# No core dump will be written. Minidumps are not enabled by default on client versions of Windows
#

---------------  S U M M A R Y ------------

Command Line: -agentlib:jdwp=transport=dt_socket,address=127.0.0.1:50414,suspend=y,server=n -javaagent:C:\Users\relfo\AppData\Local\JetBrains\IdeaIC2024.3\captureAgent\debugger-agent.jar -Dkotlinx.coroutines.debug.enable.creation.stack.trace=false -Ddebugger.agent.enable.coroutines=true -Dkotlinx.coroutines.debug.enable.flows.stack.trace=true -Dkotlinx.coroutines.debug.enable.mutable.state.flows.stack.trace=true -Dfile.encoding=UTF-8 com.relfor.pcs_audting.PcsAudtingApplication

Host: 12th Gen Intel(R) Core(TM) i7-1255U, 12 cores, 15G,  Windows 11 , 64 bit Build 22621 (10.0.22621.4830)
Time: Wed Feb 19 17:10:56 2025 India Standard Time elapsed time: 16.399238 seconds (0d 0h 0m 16s)

---------------  T H R E A D  ---------------

Current thread (0x0000022391107800):  JavaThread "C2 CompilerThread0" daemon [_thread_in_native, id=2628, stack(0x000000fdf3f00000,0x000000fdf4000000)]


Current CompileTask:
C2:  16399 6297       4       org.springframework.asm.Frame::execute (2305 bytes)

Stack: [0x000000fdf3f00000,0x000000fdf4000000]
Native frames: (J=compiled Java code, j=interpreted, Vv=VM code, C=native code)
V  [jvm.dll+0x66058a]
V  [jvm.dll+0x7a362f]
V  [jvm.dll+0x7a4cf9]
V  [jvm.dll+0x7a5393]
V  [jvm.dll+0x258f55]
V  [jvm.dll+0xb2a0c]
V  [jvm.dll+0xb2fcc]
V  [jvm.dll+0x2ca682]
V  [jvm.dll+0x56f76c]
V  [jvm.dll+0x21aae1]
V  [jvm.dll+0x2142c5]
V  [jvm.dll+0x210af4]
V  [jvm.dll+0x18cdb1]
V  [jvm.dll+0x220e99]
V  [jvm.dll+0x21f1bc]
V  [jvm.dll+0x7673c1]
V  [jvm.dll+0x75fc44]
V  [jvm.dll+0x65f435]
C  [ucrtbase.dll+0x29333]
C  [KERNEL32.DLL+0x1259d]
C  [ntdll.dll+0x5af38]


---------------  P R O C E S S  ---------------

Threads class SMR info:
_java_thread_list=0x0000022396286660, length=33, elements={
0x0000022391087000, 0x0000022391088000, 0x0000022391101800, 0x0000022391103800,
0x0000022391104800, 0x0000022391107800, 0x0000022391108800, 0x000002239110a800,
0x0000022391281000, 0x0000022391356000, 0x0000022391385000, 0x0000022391386000,
0x0000022399684000, 0x0000022399686800, 0x0000022399685800, 0x0000022399687800,
0x000002239a7d8800, 0x00000223a334e800, 0x00000223a334c000, 0x00000223a334d800,
0x00000223a334f800, 0x00000223a3350000, 0x00000223a334d000, 0x00000223a334a800,
0x00000223a3352000, 0x00000223a3351000, 0x00000223a3352800, 0x00000223a3356000,
0x00000223a3355000, 0x00000223a3357800, 0x00000223a2588800, 0x00000223a0a3b800,
0x000002239a490800
}

Java Threads: ( => current thread )
  0x0000022391087000 JavaThread "Reference Handler" daemon [_thread_blocked, id=5004, stack(0x000000fdf3a00000,0x000000fdf3b00000)]
  0x0000022391088000 JavaThread "Finalizer" daemon [_thread_blocked, id=25748, stack(0x000000fdf3b00000,0x000000fdf3c00000)]
  0x0000022391101800 JavaThread "Signal Dispatcher" daemon [_thread_blocked, id=32028, stack(0x000000fdf3c00000,0x000000fdf3d00000)]
  0x0000022391103800 JavaThread "Attach Listener" daemon [_thread_blocked, id=29080, stack(0x000000fdf3d00000,0x000000fdf3e00000)]
  0x0000022391104800 JavaThread "Service Thread" daemon [_thread_blocked, id=32236, stack(0x000000fdf3e00000,0x000000fdf3f00000)]
=>0x0000022391107800 JavaThread "C2 CompilerThread0" daemon [_thread_in_native, id=2628, stack(0x000000fdf3f00000,0x000000fdf4000000)]
  0x0000022391108800 JavaThread "C1 CompilerThread0" daemon [_thread_blocked, id=30184, stack(0x000000fdf4000000,0x000000fdf4100000)]
  0x000002239110a800 JavaThread "Sweeper thread" daemon [_thread_blocked, id=16096, stack(0x000000fdf4100000,0x000000fdf4200000)]
  0x0000022391281000 JavaThread "Common-Cleaner" daemon [_thread_blocked, id=9548, stack(0x000000fdf4200000,0x000000fdf4300000)]
  0x0000022391356000 JavaThread "JDWP Transport Listener: dt_socket" daemon [_thread_blocked, id=16888, stack(0x000000fdf4400000,0x000000fdf4500000)]
  0x0000022391385000 JavaThread "JDWP Event Helper Thread" daemon [_thread_blocked, id=22472, stack(0x000000fdf4500000,0x000000fdf4600000)]
  0x0000022391386000 JavaThread "JDWP Command Reader" daemon [_thread_in_native, id=29872, stack(0x000000fdf4600000,0x000000fdf4700000)]
  0x0000022399684000 JavaThread "Catalina-utility-1" [_thread_blocked, id=16180, stack(0x000000fdf5000000,0x000000fdf5100000)]
  0x0000022399686800 JavaThread "Catalina-utility-2" [_thread_blocked, id=9420, stack(0x000000fdf5100000,0x000000fdf5200000)]
  0x0000022399685800 JavaThread "container-0" [_thread_blocked, id=21404, stack(0x000000fdf5200000,0x000000fdf5300000)]
  0x0000022399687800 JavaThread "mysql-cj-abandoned-connection-cleanup" daemon [_thread_blocked, id=29100, stack(0x000000fdf5300000,0x000000fdf5400000)]
  0x000002239a7d8800 JavaThread "HikariPool-1 housekeeper" daemon [_thread_blocked, id=8748, stack(0x000000fdf5700000,0x000000fdf5800000)]
  0x00000223a334e800 JavaThread "http-nio-8091-exec-1" daemon [_thread_blocked, id=28032, stack(0x000000fdf5900000,0x000000fdf5a00000)]
  0x00000223a334c000 JavaThread "http-nio-8091-exec-2" daemon [_thread_blocked, id=11744, stack(0x000000fdf5a00000,0x000000fdf5b00000)]
  0x00000223a334d800 JavaThread "http-nio-8091-exec-3" daemon [_thread_blocked, id=17892, stack(0x000000fdf5b00000,0x000000fdf5c00000)]
  0x00000223a334f800 JavaThread "http-nio-8091-exec-4" daemon [_thread_blocked, id=20784, stack(0x000000fdf5c00000,0x000000fdf5d00000)]
  0x00000223a3350000 JavaThread "http-nio-8091-exec-5" daemon [_thread_blocked, id=20376, stack(0x000000fdf5d00000,0x000000fdf5e00000)]
  0x00000223a334d000 JavaThread "http-nio-8091-exec-6" daemon [_thread_blocked, id=31060, stack(0x000000fdf5e00000,0x000000fdf5f00000)]
  0x00000223a334a800 JavaThread "http-nio-8091-exec-7" daemon [_thread_blocked, id=5352, stack(0x000000fdf5f00000,0x000000fdf6000000)]
  0x00000223a3352000 JavaThread "http-nio-8091-exec-8" daemon [_thread_blocked, id=32196, stack(0x000000fdf6000000,0x000000fdf6100000)]
  0x00000223a3351000 JavaThread "http-nio-8091-exec-9" daemon [_thread_blocked, id=20872, stack(0x000000fdf6100000,0x000000fdf6200000)]
  0x00000223a3352800 JavaThread "http-nio-8091-exec-10" daemon [_thread_blocked, id=23372, stack(0x000000fdf6200000,0x000000fdf6300000)]
  0x00000223a3356000 JavaThread "http-nio-8091-Poller" daemon [_thread_in_native, id=15256, stack(0x000000fdf6300000,0x000000fdf6400000)]
  0x00000223a3355000 JavaThread "http-nio-8091-Acceptor" daemon [_thread_in_native, id=2520, stack(0x000000fdf6400000,0x000000fdf6500000)]
  0x00000223a3357800 JavaThread "DestroyJavaVM" [_thread_blocked, id=28012, stack(0x000000fdf3300000,0x000000fdf3400000)]
  0x00000223a2588800 JavaThread "HikariPool-1 connection adder" daemon [_thread_blocked, id=23000, stack(0x000000fdf4300000,0x000000fdf4400000)]
  0x00000223a0a3b800 JavaThread "C2 CompilerThread1" daemon [_thread_blocked, id=28444, stack(0x000000fdf4d00000,0x000000fdf4e00000)]
  0x000002239a490800 JavaThread "C2 CompilerThread2" daemon [_thread_blocked, id=24964, stack(0x000000fdf5800000,0x000000fdf5900000)]

Other Threads:
  0x0000022391085000 VMThread "VM Thread" [stack: 0x000000fdf3900000,0x000000fdf3a00000] [id=25288]
  0x000002239158c000 WatcherThread [stack: 0x000000fdf4700000,0x000000fdf4800000] [id=27452]
  0x00000223ed51e800 GCTaskThread "GC Thread#0" [stack: 0x000000fdf3400000,0x000000fdf3500000] [id=17568]
  0x0000022392449800 GCTaskThread "GC Thread#1" [stack: 0x000000fdf4800000,0x000000fdf4900000] [id=18572]
  0x00000223922b8000 GCTaskThread "GC Thread#2" [stack: 0x000000fdf4900000,0x000000fdf4a00000] [id=816]
  0x0000022392445000 GCTaskThread "GC Thread#3" [stack: 0x000000fdf4a00000,0x000000fdf4b00000] [id=19740]
  0x0000022392258800 GCTaskThread "GC Thread#4" [stack: 0x000000fdf4b00000,0x000000fdf4c00000] [id=19216]
  0x000002239223e800 GCTaskThread "GC Thread#5" [stack: 0x000000fdf4c00000,0x000000fdf4d00000] [id=26048]
  0x0000022399ed0000 GCTaskThread "GC Thread#6" [stack: 0x000000fdf5500000,0x000000fdf5600000] [id=24308]
  0x0000022399edb800 GCTaskThread "GC Thread#7" [stack: 0x000000fdf5600000,0x000000fdf5700000] [id=29528]
  0x00000223ed57b000 ConcurrentGCThread "G1 Main Marker" [stack: 0x000000fdf3500000,0x000000fdf3600000] [id=23712]
  0x00000223ed57c000 ConcurrentGCThread "G1 Conc#0" [stack: 0x000000fdf3600000,0x000000fdf3700000] [id=1508]
  0x0000022392363800 ConcurrentGCThread "G1 Conc#1" [stack: 0x000000fdf4e00000,0x000000fdf4f00000] [id=14560]
  0x00000223939d6800 ConcurrentGCThread "G1 Conc#2" [stack: 0x000000fdf4f00000,0x000000fdf5000000] [id=14652]
  0x00000223ff2f7000 ConcurrentGCThread "G1 Refine#0" [stack: 0x000000fdf3700000,0x000000fdf3800000] [id=27584]
  0x00000223ff2f8000 ConcurrentGCThread "G1 Young RemSet Sampling" [stack: 0x000000fdf3800000,0x000000fdf3900000] [id=14572]

Threads with active compile tasks:
C2 CompilerThread0    16422 6297       4       org.springframework.asm.Frame::execute (2305 bytes)

VM state:not at safepoint (normal execution)

VM Mutex/Monitor currently owned by a thread: None

Heap address: 0x0000000705200000, size: 4014 MB, Compressed Oops mode: Zero based, Oop shift amount: 3
Narrow klass base: 0x0000000800000000, Narrow klass shift: 0
Compressed class space size: 1073741824 Address: 0x0000000800000000

Heap:
 garbage-first heap   total 310272K, used 53104K [0x0000000705200000, 0x0000000800000000)
  region size 1024K, 40 young (40960K), 18 survivors (18432K)
 Metaspace       used 81042K, capacity 83180K, committed 83456K, reserved 1122304K
  class space    used 10304K, capacity 11145K, committed 11264K, reserved 1048576K
Heap Regions: E=young(eden), S=young(survivor), O=old, HS=humongous(starts), HC=humongous(continues), CS=collection set, F=free, A=archive, TAMS=top-at-mark-start (previous, next)
|   0|0x0000000705200000, 0x0000000705300000, 0x0000000705300000|100%|HS|  |TAMS 0x0000000705300000, 0x0000000705200000| Complete 
|   1|0x0000000705300000, 0x0000000705400000, 0x0000000705400000|100%| O|  |TAMS 0x0000000705400000, 0x0000000705300000| Untracked 
|   2|0x0000000705400000, 0x0000000705500000, 0x0000000705500000|100%| O|  |TAMS 0x0000000705500000, 0x0000000705400000| Untracked 
|   3|0x0000000705500000, 0x0000000705600000, 0x0000000705600000|100%| O|  |TAMS 0x0000000705600000, 0x0000000705500000| Untracked 
|   4|0x0000000705600000, 0x0000000705700000, 0x0000000705700000|100%| O|  |TAMS 0x0000000705700000, 0x0000000705600000| Untracked 
|   5|0x0000000705700000, 0x0000000705800000, 0x0000000705800000|100%| O|  |TAMS 0x0000000705800000, 0x0000000705700000| Untracked 
|   6|0x0000000705800000, 0x0000000705900000, 0x0000000705900000|100%| O|  |TAMS 0x0000000705900000, 0x0000000705800000| Untracked 
|   7|0x0000000705900000, 0x0000000705a00000, 0x0000000705a00000|100%| O|  |TAMS 0x0000000705a00000, 0x0000000705900000| Untracked 
|   8|0x0000000705a00000, 0x0000000705b00000, 0x0000000705b00000|100%| O|  |TAMS 0x0000000705b00000, 0x0000000705a00000| Untracked 
|   9|0x0000000705b00000, 0x0000000705c00000, 0x0000000705c00000|100%| O|  |TAMS 0x0000000705bad000, 0x0000000705b00000| Untracked 
|  10|0x0000000705c00000, 0x0000000705d00000, 0x0000000705d00000|100%| O|  |TAMS 0x0000000705c00000, 0x0000000705c00000| Untracked 
|  11|0x0000000705d00000, 0x0000000705e00000, 0x0000000705e00000|100%| O|  |TAMS 0x0000000705d00000, 0x0000000705d00000| Untracked 
|  12|0x0000000705e00000, 0x0000000705edc000, 0x0000000705f00000| 85%| O|  |TAMS 0x0000000705e00000, 0x0000000705e00000| Untracked 
|  13|0x0000000705f00000, 0x0000000705f00000, 0x0000000706000000|  0%| F|  |TAMS 0x0000000705f00000, 0x0000000705f00000| Untracked 
|  14|0x0000000706000000, 0x0000000706000000, 0x0000000706100000|  0%| F|  |TAMS 0x0000000706000000, 0x0000000706000000| Untracked 
|  15|0x0000000706100000, 0x0000000706100000, 0x0000000706200000|  0%| F|  |TAMS 0x0000000706100000, 0x0000000706100000| Untracked 
|  16|0x0000000706200000, 0x0000000706200000, 0x0000000706300000|  0%| F|  |TAMS 0x0000000706200000, 0x0000000706200000| Untracked 
|  17|0x0000000706300000, 0x0000000706300000, 0x0000000706400000|  0%| F|  |TAMS 0x0000000706300000, 0x0000000706300000| Untracked 
|  18|0x0000000706400000, 0x0000000706400000, 0x0000000706500000|  0%| F|  |TAMS 0x0000000706400000, 0x0000000706400000| Untracked 
|  19|0x0000000706500000, 0x0000000706500000, 0x0000000706600000|  0%| F|  |TAMS 0x0000000706500000, 0x0000000706500000| Untracked 
|  20|0x0000000706600000, 0x0000000706600000, 0x0000000706700000|  0%| F|  |TAMS 0x0000000706600000, 0x0000000706600000| Untracked 
|  21|0x0000000706700000, 0x0000000706700000, 0x0000000706800000|  0%| F|  |TAMS 0x0000000706700000, 0x0000000706700000| Untracked 
|  22|0x0000000706800000, 0x0000000706800000, 0x0000000706900000|  0%| F|  |TAMS 0x0000000706800000, 0x0000000706800000| Untracked 
|  23|0x0000000706900000, 0x0000000706900000, 0x0000000706a00000|  0%| F|  |TAMS 0x0000000706900000, 0x0000000706900000| Untracked 
|  24|0x0000000706a00000, 0x0000000706a00000, 0x0000000706b00000|  0%| F|  |TAMS 0x0000000706a00000, 0x0000000706a00000| Untracked 
|  25|0x0000000706b00000, 0x0000000706b00000, 0x0000000706c00000|  0%| F|  |TAMS 0x0000000706b00000, 0x0000000706b00000| Untracked 
|  26|0x0000000706c00000, 0x0000000706c00000, 0x0000000706d00000|  0%| F|  |TAMS 0x0000000706c00000, 0x0000000706c00000| Untracked 
|  27|0x0000000706d00000, 0x0000000706d00000, 0x0000000706e00000|  0%| F|  |TAMS 0x0000000706d00000, 0x0000000706d00000| Untracked 
|  28|0x0000000706e00000, 0x0000000706e00000, 0x0000000706f00000|  0%| F|  |TAMS 0x0000000706e00000, 0x0000000706e00000| Untracked 
|  29|0x0000000706f00000, 0x0000000706f00000, 0x0000000707000000|  0%| F|  |TAMS 0x0000000706f00000, 0x0000000706f00000| Untracked 
|  30|0x0000000707000000, 0x0000000707000000, 0x0000000707100000|  0%| F|  |TAMS 0x0000000707000000, 0x0000000707000000| Untracked 
|  31|0x0000000707100000, 0x0000000707100000, 0x0000000707200000|  0%| F|  |TAMS 0x0000000707100000, 0x0000000707100000| Untracked 
|  32|0x0000000707200000, 0x0000000707200000, 0x0000000707300000|  0%| F|  |TAMS 0x0000000707200000, 0x0000000707200000| Untracked 
|  33|0x0000000707300000, 0x0000000707300000, 0x0000000707400000|  0%| F|  |TAMS 0x0000000707300000, 0x0000000707300000| Untracked 
|  34|0x0000000707400000, 0x0000000707400000, 0x0000000707500000|  0%| F|  |TAMS 0x0000000707400000, 0x0000000707400000| Untracked 
|  35|0x0000000707500000, 0x0000000707500000, 0x0000000707600000|  0%| F|  |TAMS 0x0000000707500000, 0x0000000707500000| Untracked 
|  36|0x0000000707600000, 0x0000000707600000, 0x0000000707700000|  0%| F|  |TAMS 0x0000000707600000, 0x0000000707600000| Untracked 
|  37|0x0000000707700000, 0x0000000707700000, 0x0000000707800000|  0%| F|  |TAMS 0x0000000707700000, 0x0000000707700000| Untracked 
|  38|0x0000000707800000, 0x0000000707800000, 0x0000000707900000|  0%| F|  |TAMS 0x0000000707800000, 0x0000000707800000| Untracked 
|  39|0x0000000707900000, 0x0000000707900000, 0x0000000707a00000|  0%| F|  |TAMS 0x0000000707900000, 0x0000000707900000| Untracked 
|  40|0x0000000707a00000, 0x0000000707a00000, 0x0000000707b00000|  0%| F|  |TAMS 0x0000000707a00000, 0x0000000707a00000| Untracked 
|  41|0x0000000707b00000, 0x0000000707b00000, 0x0000000707c00000|  0%| F|  |TAMS 0x0000000707b00000, 0x0000000707b00000| Untracked 
|  42|0x0000000707c00000, 0x0000000707c00000, 0x0000000707d00000|  0%| F|  |TAMS 0x0000000707c00000, 0x0000000707c00000| Untracked 
|  43|0x0000000707d00000, 0x0000000707d00000, 0x0000000707e00000|  0%| F|  |TAMS 0x0000000707d00000, 0x0000000707d00000| Untracked 
|  44|0x0000000707e00000, 0x0000000707e00000, 0x0000000707f00000|  0%| F|  |TAMS 0x0000000707e00000, 0x0000000707e00000| Untracked 
|  45|0x0000000707f00000, 0x0000000707f00000, 0x0000000708000000|  0%| F|  |TAMS 0x0000000707f00000, 0x0000000707f00000| Untracked 
|  46|0x0000000708000000, 0x0000000708000000, 0x0000000708100000|  0%| F|  |TAMS 0x0000000708000000, 0x0000000708000000| Untracked 
|  47|0x0000000708100000, 0x0000000708100000, 0x0000000708200000|  0%| F|  |TAMS 0x0000000708100000, 0x0000000708100000| Untracked 
|  48|0x0000000708200000, 0x0000000708200000, 0x0000000708300000|  0%| F|  |TAMS 0x0000000708200000, 0x0000000708200000| Untracked 
|  49|0x0000000708300000, 0x0000000708300000, 0x0000000708400000|  0%| F|  |TAMS 0x0000000708300000, 0x0000000708300000| Untracked 
|  50|0x0000000708400000, 0x0000000708400000, 0x0000000708500000|  0%| F|  |TAMS 0x0000000708400000, 0x0000000708400000| Untracked 
|  51|0x0000000708500000, 0x0000000708500000, 0x0000000708600000|  0%| F|  |TAMS 0x0000000708500000, 0x0000000708500000| Untracked 
|  52|0x0000000708600000, 0x0000000708600000, 0x0000000708700000|  0%| F|  |TAMS 0x0000000708600000, 0x0000000708600000| Untracked 
|  53|0x0000000708700000, 0x0000000708700000, 0x0000000708800000|  0%| F|  |TAMS 0x0000000708700000, 0x0000000708700000| Untracked 
|  54|0x0000000708800000, 0x0000000708800000, 0x0000000708900000|  0%| F|  |TAMS 0x0000000708800000, 0x0000000708800000| Untracked 
|  55|0x0000000708900000, 0x0000000708900000, 0x0000000708a00000|  0%| F|  |TAMS 0x0000000708900000, 0x0000000708900000| Untracked 
|  56|0x0000000708a00000, 0x0000000708a00000, 0x0000000708b00000|  0%| F|  |TAMS 0x0000000708a00000, 0x0000000708a00000| Untracked 
|  57|0x0000000708b00000, 0x0000000708b00000, 0x0000000708c00000|  0%| F|  |TAMS 0x0000000708b00000, 0x0000000708b00000| Untracked 
|  58|0x0000000708c00000, 0x0000000708c00000, 0x0000000708d00000|  0%| F|  |TAMS 0x0000000708c00000, 0x0000000708c00000| Untracked 
|  59|0x0000000708d00000, 0x0000000708d00000, 0x0000000708e00000|  0%| F|  |TAMS 0x0000000708d00000, 0x0000000708d00000| Untracked 
|  60|0x0000000708e00000, 0x0000000708e00000, 0x0000000708f00000|  0%| F|  |TAMS 0x0000000708e00000, 0x0000000708e00000| Untracked 
|  61|0x0000000708f00000, 0x0000000708f00000, 0x0000000709000000|  0%| F|  |TAMS 0x0000000708f00000, 0x0000000708f00000| Untracked 
|  62|0x0000000709000000, 0x0000000709000000, 0x0000000709100000|  0%| F|  |TAMS 0x0000000709000000, 0x0000000709000000| Untracked 
|  63|0x0000000709100000, 0x0000000709100000, 0x0000000709200000|  0%| F|  |TAMS 0x0000000709100000, 0x0000000709100000| Untracked 
|  64|0x0000000709200000, 0x0000000709200000, 0x0000000709300000|  0%| F|  |TAMS 0x0000000709200000, 0x0000000709200000| Untracked 
|  65|0x0000000709300000, 0x0000000709300000, 0x0000000709400000|  0%| F|  |TAMS 0x0000000709300000, 0x0000000709300000| Untracked 
|  66|0x0000000709400000, 0x0000000709400000, 0x0000000709500000|  0%| F|  |TAMS 0x0000000709400000, 0x0000000709400000| Untracked 
|  67|0x0000000709500000, 0x0000000709500000, 0x0000000709600000|  0%| F|  |TAMS 0x0000000709500000, 0x0000000709500000| Untracked 
|  68|0x0000000709600000, 0x0000000709600000, 0x0000000709700000|  0%| F|  |TAMS 0x0000000709600000, 0x0000000709600000| Untracked 
|  69|0x0000000709700000, 0x0000000709700000, 0x0000000709800000|  0%| F|  |TAMS 0x0000000709700000, 0x0000000709700000| Untracked 
|  70|0x0000000709800000, 0x0000000709800000, 0x0000000709900000|  0%| F|  |TAMS 0x0000000709800000, 0x0000000709800000| Untracked 
|  71|0x0000000709900000, 0x0000000709900000, 0x0000000709a00000|  0%| F|  |TAMS 0x0000000709900000, 0x0000000709900000| Untracked 
|  72|0x0000000709a00000, 0x0000000709a00000, 0x0000000709b00000|  0%| F|  |TAMS 0x0000000709a00000, 0x0000000709a00000| Untracked 
|  73|0x0000000709b00000, 0x0000000709b00000, 0x0000000709c00000|  0%| F|  |TAMS 0x0000000709b00000, 0x0000000709b00000| Untracked 
|  74|0x0000000709c00000, 0x0000000709c00000, 0x0000000709d00000|  0%| F|  |TAMS 0x0000000709c00000, 0x0000000709c00000| Untracked 
|  75|0x0000000709d00000, 0x0000000709d00000, 0x0000000709e00000|  0%| F|  |TAMS 0x0000000709d00000, 0x0000000709d00000| Untracked 
|  76|0x0000000709e00000, 0x0000000709e00000, 0x0000000709f00000|  0%| F|  |TAMS 0x0000000709e00000, 0x0000000709e00000| Untracked 
|  77|0x0000000709f00000, 0x0000000709f00000, 0x000000070a000000|  0%| F|  |TAMS 0x0000000709f00000, 0x0000000709f00000| Untracked 
|  78|0x000000070a000000, 0x000000070a000000, 0x000000070a100000|  0%| F|  |TAMS 0x000000070a000000, 0x000000070a000000| Untracked 
|  79|0x000000070a100000, 0x000000070a100000, 0x000000070a200000|  0%| F|  |TAMS 0x000000070a100000, 0x000000070a100000| Untracked 
|  80|0x000000070a200000, 0x000000070a200000, 0x000000070a300000|  0%| F|  |TAMS 0x000000070a200000, 0x000000070a200000| Untracked 
|  81|0x000000070a300000, 0x000000070a300000, 0x000000070a400000|  0%| F|  |TAMS 0x000000070a300000, 0x000000070a300000| Untracked 
|  82|0x000000070a400000, 0x000000070a400000, 0x000000070a500000|  0%| F|  |TAMS 0x000000070a400000, 0x000000070a400000| Untracked 
|  83|0x000000070a500000, 0x000000070a500000, 0x000000070a600000|  0%| F|  |TAMS 0x000000070a500000, 0x000000070a500000| Untracked 
|  84|0x000000070a600000, 0x000000070a600000, 0x000000070a700000|  0%| F|  |TAMS 0x000000070a600000, 0x000000070a600000| Untracked 
|  85|0x000000070a700000, 0x000000070a700000, 0x000000070a800000|  0%| F|  |TAMS 0x000000070a700000, 0x000000070a700000| Untracked 
|  86|0x000000070a800000, 0x000000070a800000, 0x000000070a900000|  0%| F|  |TAMS 0x000000070a800000, 0x000000070a800000| Untracked 
|  87|0x000000070a900000, 0x000000070a900000, 0x000000070aa00000|  0%| F|  |TAMS 0x000000070a900000, 0x000000070a900000| Untracked 
|  88|0x000000070aa00000, 0x000000070aa00000, 0x000000070ab00000|  0%| F|  |TAMS 0x000000070aa00000, 0x000000070aa00000| Untracked 
|  89|0x000000070ab00000, 0x000000070ab00000, 0x000000070ac00000|  0%| F|  |TAMS 0x000000070ab00000, 0x000000070ab00000| Untracked 
|  90|0x000000070ac00000, 0x000000070ac00000, 0x000000070ad00000|  0%| F|  |TAMS 0x000000070ac00000, 0x000000070ac00000| Untracked 
|  91|0x000000070ad00000, 0x000000070ad00000, 0x000000070ae00000|  0%| F|  |TAMS 0x000000070ad00000, 0x000000070ad00000| Untracked 
|  92|0x000000070ae00000, 0x000000070ae00000, 0x000000070af00000|  0%| F|  |TAMS 0x000000070ae00000, 0x000000070ae00000| Untracked 
|  93|0x000000070af00000, 0x000000070af00000, 0x000000070b000000|  0%| F|  |TAMS 0x000000070af00000, 0x000000070af00000| Untracked 
|  94|0x000000070b000000, 0x000000070b000000, 0x000000070b100000|  0%| F|  |TAMS 0x000000070b000000, 0x000000070b000000| Untracked 
|  95|0x000000070b100000, 0x000000070b100000, 0x000000070b200000|  0%| F|  |TAMS 0x000000070b100000, 0x000000070b100000| Untracked 
|  96|0x000000070b200000, 0x000000070b200000, 0x000000070b300000|  0%| F|  |TAMS 0x000000070b200000, 0x000000070b200000| Untracked 
|  97|0x000000070b300000, 0x000000070b300000, 0x000000070b400000|  0%| F|  |TAMS 0x000000070b300000, 0x000000070b300000| Untracked 
|  98|0x000000070b400000, 0x000000070b400000, 0x000000070b500000|  0%| F|  |TAMS 0x000000070b400000, 0x000000070b400000| Untracked 
|  99|0x000000070b500000, 0x000000070b500000, 0x000000070b600000|  0%| F|  |TAMS 0x000000070b500000, 0x000000070b500000| Untracked 
| 100|0x000000070b600000, 0x000000070b600000, 0x000000070b700000|  0%| F|  |TAMS 0x000000070b600000, 0x000000070b600000| Untracked 
| 101|0x000000070b700000, 0x000000070b700000, 0x000000070b800000|  0%| F|  |TAMS 0x000000070b700000, 0x000000070b700000| Untracked 
| 102|0x000000070b800000, 0x000000070b800000, 0x000000070b900000|  0%| F|  |TAMS 0x000000070b800000, 0x000000070b800000| Untracked 
| 103|0x000000070b900000, 0x000000070b900000, 0x000000070ba00000|  0%| F|  |TAMS 0x000000070b900000, 0x000000070b900000| Untracked 
| 104|0x000000070ba00000, 0x000000070ba00000, 0x000000070bb00000|  0%| F|  |TAMS 0x000000070ba00000, 0x000000070ba00000| Untracked 
| 105|0x000000070bb00000, 0x000000070bb00000, 0x000000070bc00000|  0%| F|  |TAMS 0x000000070bb00000, 0x000000070bb00000| Untracked 
| 106|0x000000070bc00000, 0x000000070bc00000, 0x000000070bd00000|  0%| F|  |TAMS 0x000000070bc00000, 0x000000070bc00000| Untracked 
| 107|0x000000070bd00000, 0x000000070bd00000, 0x000000070be00000|  0%| F|  |TAMS 0x000000070bd00000, 0x000000070bd00000| Untracked 
| 108|0x000000070be00000, 0x000000070be00000, 0x000000070bf00000|  0%| F|  |TAMS 0x000000070be00000, 0x000000070be00000| Untracked 
| 109|0x000000070bf00000, 0x000000070bf00000, 0x000000070c000000|  0%| F|  |TAMS 0x000000070bf00000, 0x000000070bf00000| Untracked 
| 110|0x000000070c000000, 0x000000070c000000, 0x000000070c100000|  0%| F|  |TAMS 0x000000070c000000, 0x000000070c000000| Untracked 
| 111|0x000000070c100000, 0x000000070c100000, 0x000000070c200000|  0%| F|  |TAMS 0x000000070c100000, 0x000000070c100000| Untracked 
| 112|0x000000070c200000, 0x000000070c200000, 0x000000070c300000|  0%| F|  |TAMS 0x000000070c200000, 0x000000070c200000| Untracked 
| 113|0x000000070c300000, 0x000000070c400000, 0x000000070c400000|100%| S|CS|TAMS 0x000000070c300000, 0x000000070c300000| Complete 
| 114|0x000000070c400000, 0x000000070c500000, 0x000000070c500000|100%| S|CS|TAMS 0x000000070c400000, 0x000000070c400000| Complete 
| 115|0x000000070c500000, 0x000000070c600000, 0x000000070c600000|100%| S|CS|TAMS 0x000000070c500000, 0x000000070c500000| Complete 
| 116|0x000000070c600000, 0x000000070c700000, 0x000000070c700000|100%| S|CS|TAMS 0x000000070c600000, 0x000000070c600000| Complete 
| 117|0x000000070c700000, 0x000000070c800000, 0x000000070c800000|100%| S|CS|TAMS 0x000000070c700000, 0x000000070c700000| Complete 
| 118|0x000000070c800000, 0x000000070c900000, 0x000000070c900000|100%| S|CS|TAMS 0x000000070c800000, 0x000000070c800000| Complete 
| 119|0x000000070c900000, 0x000000070ca00000, 0x000000070ca00000|100%| S|CS|TAMS 0x000000070c900000, 0x000000070c900000| Complete 
| 120|0x000000070ca00000, 0x000000070cb00000, 0x000000070cb00000|100%| S|CS|TAMS 0x000000070ca00000, 0x000000070ca00000| Complete 
| 121|0x000000070cb00000, 0x000000070cc00000, 0x000000070cc00000|100%| S|CS|TAMS 0x000000070cb00000, 0x000000070cb00000| Complete 
| 122|0x000000070cc00000, 0x000000070cd00000, 0x000000070cd00000|100%| S|CS|TAMS 0x000000070cc00000, 0x000000070cc00000| Complete 
| 123|0x000000070cd00000, 0x000000070ce00000, 0x000000070ce00000|100%| S|CS|TAMS 0x000000070cd00000, 0x000000070cd00000| Complete 
| 124|0x000000070ce00000, 0x000000070cf00000, 0x000000070cf00000|100%| S|CS|TAMS 0x000000070ce00000, 0x000000070ce00000| Complete 
| 125|0x000000070cf00000, 0x000000070d000000, 0x000000070d000000|100%| S|CS|TAMS 0x000000070cf00000, 0x000000070cf00000| Complete 
| 126|0x000000070d000000, 0x000000070d100000, 0x000000070d100000|100%| S|CS|TAMS 0x000000070d000000, 0x000000070d000000| Complete 
| 127|0x000000070d100000, 0x000000070d200000, 0x000000070d200000|100%| S|CS|TAMS 0x000000070d100000, 0x000000070d100000| Complete 
| 128|0x000000070d200000, 0x000000070d300000, 0x000000070d300000|100%| S|CS|TAMS 0x000000070d200000, 0x000000070d200000| Complete 
| 129|0x000000070d300000, 0x000000070d400000, 0x000000070d400000|100%| S|CS|TAMS 0x000000070d300000, 0x000000070d300000| Complete 
| 130|0x000000070d400000, 0x000000070d500000, 0x000000070d500000|100%| S|CS|TAMS 0x000000070d400000, 0x000000070d400000| Complete 
| 131|0x000000070d500000, 0x000000070d500000, 0x000000070d600000|  0%| F|  |TAMS 0x000000070d500000, 0x000000070d500000| Untracked 
| 132|0x000000070d600000, 0x000000070d600000, 0x000000070d700000|  0%| F|  |TAMS 0x000000070d600000, 0x000000070d600000| Untracked 
| 133|0x000000070d700000, 0x000000070d700000, 0x000000070d800000|  0%| F|  |TAMS 0x000000070d700000, 0x000000070d700000| Untracked 
| 134|0x000000070d800000, 0x000000070d800000, 0x000000070d900000|  0%| F|  |TAMS 0x000000070d800000, 0x000000070d800000| Untracked 
| 135|0x000000070d900000, 0x000000070d900000, 0x000000070da00000|  0%| F|  |TAMS 0x000000070d900000, 0x000000070d900000| Untracked 
| 136|0x000000070da00000, 0x000000070da00000, 0x000000070db00000|  0%| F|  |TAMS 0x000000070da00000, 0x000000070da00000| Untracked 
| 137|0x000000070db00000, 0x000000070db00000, 0x000000070dc00000|  0%| F|  |TAMS 0x000000070db00000, 0x000000070db00000| Untracked 
| 138|0x000000070dc00000, 0x000000070dc00000, 0x000000070dd00000|  0%| F|  |TAMS 0x000000070dc00000, 0x000000070dc00000| Untracked 
| 139|0x000000070dd00000, 0x000000070dd00000, 0x000000070de00000|  0%| F|  |TAMS 0x000000070dd00000, 0x000000070dd00000| Untracked 
| 140|0x000000070de00000, 0x000000070de00000, 0x000000070df00000|  0%| F|  |TAMS 0x000000070de00000, 0x000000070de00000| Untracked 
| 141|0x000000070df00000, 0x000000070df00000, 0x000000070e000000|  0%| F|  |TAMS 0x000000070df00000, 0x000000070df00000| Untracked 
| 142|0x000000070e000000, 0x000000070e000000, 0x000000070e100000|  0%| F|  |TAMS 0x000000070e000000, 0x000000070e000000| Untracked 
| 143|0x000000070e100000, 0x000000070e100000, 0x000000070e200000|  0%| F|  |TAMS 0x000000070e100000, 0x000000070e100000| Untracked 
| 144|0x000000070e200000, 0x000000070e200000, 0x000000070e300000|  0%| F|  |TAMS 0x000000070e200000, 0x000000070e200000| Untracked 
| 145|0x000000070e300000, 0x000000070e300000, 0x000000070e400000|  0%| F|  |TAMS 0x000000070e300000, 0x000000070e300000| Untracked 
| 146|0x000000070e400000, 0x000000070e400000, 0x000000070e500000|  0%| F|  |TAMS 0x000000070e400000, 0x000000070e400000| Untracked 
| 147|0x000000070e500000, 0x000000070e500000, 0x000000070e600000|  0%| F|  |TAMS 0x000000070e500000, 0x000000070e500000| Untracked 
| 148|0x000000070e600000, 0x000000070e600000, 0x000000070e700000|  0%| F|  |TAMS 0x000000070e600000, 0x000000070e600000| Untracked 
| 149|0x000000070e700000, 0x000000070e700000, 0x000000070e800000|  0%| F|  |TAMS 0x000000070e700000, 0x000000070e700000| Untracked 
| 150|0x000000070e800000, 0x000000070e800000, 0x000000070e900000|  0%| F|  |TAMS 0x000000070e800000, 0x000000070e800000| Untracked 
| 151|0x000000070e900000, 0x000000070e900000, 0x000000070ea00000|  0%| F|  |TAMS 0x000000070e900000, 0x000000070e900000| Untracked 
| 152|0x000000070ea00000, 0x000000070ea00000, 0x000000070eb00000|  0%| F|  |TAMS 0x000000070ea00000, 0x000000070ea00000| Untracked 
| 153|0x000000070eb00000, 0x000000070eb00000, 0x000000070ec00000|  0%| F|  |TAMS 0x000000070eb00000, 0x000000070eb00000| Untracked 
| 154|0x000000070ec00000, 0x000000070ec00000, 0x000000070ed00000|  0%| F|  |TAMS 0x000000070ec00000, 0x000000070ec00000| Untracked 
| 155|0x000000070ed00000, 0x000000070ed00000, 0x000000070ee00000|  0%| F|  |TAMS 0x000000070ed00000, 0x000000070ed00000| Untracked 
| 156|0x000000070ee00000, 0x000000070ee00000, 0x000000070ef00000|  0%| F|  |TAMS 0x000000070ee00000, 0x000000070ee00000| Untracked 
| 157|0x000000070ef00000, 0x000000070ef00000, 0x000000070f000000|  0%| F|  |TAMS 0x000000070ef00000, 0x000000070ef00000| Untracked 
| 158|0x000000070f000000, 0x000000070f000000, 0x000000070f100000|  0%| F|  |TAMS 0x000000070f000000, 0x000000070f000000| Untracked 
| 159|0x000000070f100000, 0x000000070f100000, 0x000000070f200000|  0%| F|  |TAMS 0x000000070f100000, 0x000000070f100000| Untracked 
| 160|0x000000070f200000, 0x000000070f200000, 0x000000070f300000|  0%| F|  |TAMS 0x000000070f200000, 0x000000070f200000| Untracked 
| 161|0x000000070f300000, 0x000000070f300000, 0x000000070f400000|  0%| F|  |TAMS 0x000000070f300000, 0x000000070f300000| Untracked 
| 162|0x000000070f400000, 0x000000070f400000, 0x000000070f500000|  0%| F|  |TAMS 0x000000070f400000, 0x000000070f400000| Untracked 
| 163|0x000000070f500000, 0x000000070f500000, 0x000000070f600000|  0%| F|  |TAMS 0x000000070f500000, 0x000000070f500000| Untracked 
| 164|0x000000070f600000, 0x000000070f600000, 0x000000070f700000|  0%| F|  |TAMS 0x000000070f600000, 0x000000070f600000| Untracked 
| 165|0x000000070f700000, 0x000000070f700000, 0x000000070f800000|  0%| F|  |TAMS 0x000000070f700000, 0x000000070f700000| Untracked 
| 166|0x000000070f800000, 0x000000070f800000, 0x000000070f900000|  0%| F|  |TAMS 0x000000070f800000, 0x000000070f800000| Untracked 
| 167|0x000000070f900000, 0x000000070f900000, 0x000000070fa00000|  0%| F|  |TAMS 0x000000070f900000, 0x000000070f900000| Untracked 
| 168|0x000000070fa00000, 0x000000070fa00000, 0x000000070fb00000|  0%| F|  |TAMS 0x000000070fa00000, 0x000000070fa00000| Untracked 
| 169|0x000000070fb00000, 0x000000070fb00000, 0x000000070fc00000|  0%| F|  |TAMS 0x000000070fb00000, 0x000000070fb00000| Untracked 
| 170|0x000000070fc00000, 0x000000070fc00000, 0x000000070fd00000|  0%| F|  |TAMS 0x000000070fc00000, 0x000000070fc00000| Untracked 
| 171|0x000000070fd00000, 0x000000070fd00000, 0x000000070fe00000|  0%| F|  |TAMS 0x000000070fd00000, 0x000000070fd00000| Untracked 
| 172|0x000000070fe00000, 0x000000070fe00000, 0x000000070ff00000|  0%| F|  |TAMS 0x000000070fe00000, 0x000000070fe00000| Untracked 
| 173|0x000000070ff00000, 0x000000070ff00000, 0x0000000710000000|  0%| F|  |TAMS 0x000000070ff00000, 0x000000070ff00000| Untracked 
| 174|0x0000000710000000, 0x0000000710000000, 0x0000000710100000|  0%| F|  |TAMS 0x0000000710000000, 0x0000000710000000| Untracked 
| 175|0x0000000710100000, 0x0000000710100000, 0x0000000710200000|  0%| F|  |TAMS 0x0000000710100000, 0x0000000710100000| Untracked 
| 176|0x0000000710200000, 0x0000000710200000, 0x0000000710300000|  0%| F|  |TAMS 0x0000000710200000, 0x0000000710200000| Untracked 
| 177|0x0000000710300000, 0x0000000710300000, 0x0000000710400000|  0%| F|  |TAMS 0x0000000710300000, 0x0000000710300000| Untracked 
| 178|0x0000000710400000, 0x0000000710400000, 0x0000000710500000|  0%| F|  |TAMS 0x0000000710400000, 0x0000000710400000| Untracked 
| 179|0x0000000710500000, 0x0000000710500000, 0x0000000710600000|  0%| F|  |TAMS 0x0000000710500000, 0x0000000710500000| Untracked 
| 180|0x0000000710600000, 0x0000000710600000, 0x0000000710700000|  0%| F|  |TAMS 0x0000000710600000, 0x0000000710600000| Untracked 
| 181|0x0000000710700000, 0x0000000710700000, 0x0000000710800000|  0%| F|  |TAMS 0x0000000710700000, 0x0000000710700000| Untracked 
| 182|0x0000000710800000, 0x0000000710800000, 0x0000000710900000|  0%| F|  |TAMS 0x0000000710800000, 0x0000000710800000| Untracked 
| 183|0x0000000710900000, 0x0000000710900000, 0x0000000710a00000|  0%| F|  |TAMS 0x0000000710900000, 0x0000000710900000| Untracked 
| 184|0x0000000710a00000, 0x0000000710a00000, 0x0000000710b00000|  0%| F|  |TAMS 0x0000000710a00000, 0x0000000710a00000| Untracked 
| 185|0x0000000710b00000, 0x0000000710b00000, 0x0000000710c00000|  0%| F|  |TAMS 0x0000000710b00000, 0x0000000710b00000| Untracked 
| 186|0x0000000710c00000, 0x0000000710c00000, 0x0000000710d00000|  0%| F|  |TAMS 0x0000000710c00000, 0x0000000710c00000| Untracked 
| 187|0x0000000710d00000, 0x0000000710d00000, 0x0000000710e00000|  0%| F|  |TAMS 0x0000000710d00000, 0x0000000710d00000| Untracked 
| 188|0x0000000710e00000, 0x0000000710e00000, 0x0000000710f00000|  0%| F|  |TAMS 0x0000000710e00000, 0x0000000710e00000| Untracked 
| 189|0x0000000710f00000, 0x0000000710f00000, 0x0000000711000000|  0%| F|  |TAMS 0x0000000710f00000, 0x0000000710f00000| Untracked 
| 190|0x0000000711000000, 0x0000000711000000, 0x0000000711100000|  0%| F|  |TAMS 0x0000000711000000, 0x0000000711000000| Untracked 
| 191|0x0000000711100000, 0x0000000711100000, 0x0000000711200000|  0%| F|  |TAMS 0x0000000711100000, 0x0000000711100000| Untracked 
| 192|0x0000000711200000, 0x0000000711200000, 0x0000000711300000|  0%| F|  |TAMS 0x0000000711200000, 0x0000000711200000| Untracked 
| 193|0x0000000711300000, 0x0000000711300000, 0x0000000711400000|  0%| F|  |TAMS 0x0000000711300000, 0x0000000711300000| Untracked 
| 194|0x0000000711400000, 0x0000000711400000, 0x0000000711500000|  0%| F|  |TAMS 0x0000000711400000, 0x0000000711400000| Untracked 
| 195|0x0000000711500000, 0x0000000711500000, 0x0000000711600000|  0%| F|  |TAMS 0x0000000711500000, 0x0000000711500000| Untracked 
| 196|0x0000000711600000, 0x0000000711600000, 0x0000000711700000|  0%| F|  |TAMS 0x0000000711600000, 0x0000000711600000| Untracked 
| 197|0x0000000711700000, 0x0000000711700000, 0x0000000711800000|  0%| F|  |TAMS 0x0000000711700000, 0x0000000711700000| Untracked 
| 198|0x0000000711800000, 0x0000000711800000, 0x0000000711900000|  0%| F|  |TAMS 0x0000000711800000, 0x0000000711800000| Untracked 
| 199|0x0000000711900000, 0x0000000711900000, 0x0000000711a00000|  0%| F|  |TAMS 0x0000000711900000, 0x0000000711900000| Untracked 
| 200|0x0000000711a00000, 0x0000000711a00000, 0x0000000711b00000|  0%| F|  |TAMS 0x0000000711a00000, 0x0000000711a00000| Untracked 
| 201|0x0000000711b00000, 0x0000000711b00000, 0x0000000711c00000|  0%| F|  |TAMS 0x0000000711b00000, 0x0000000711b00000| Untracked 
| 202|0x0000000711c00000, 0x0000000711c00000, 0x0000000711d00000|  0%| F|  |TAMS 0x0000000711c00000, 0x0000000711c00000| Untracked 
| 203|0x0000000711d00000, 0x0000000711d00000, 0x0000000711e00000|  0%| F|  |TAMS 0x0000000711d00000, 0x0000000711d00000| Untracked 
| 204|0x0000000711e00000, 0x0000000711e00000, 0x0000000711f00000|  0%| F|  |TAMS 0x0000000711e00000, 0x0000000711e00000| Untracked 
| 205|0x0000000711f00000, 0x0000000711f00000, 0x0000000712000000|  0%| F|  |TAMS 0x0000000711f00000, 0x0000000711f00000| Untracked 
| 206|0x0000000712000000, 0x0000000712000000, 0x0000000712100000|  0%| F|  |TAMS 0x0000000712000000, 0x0000000712000000| Untracked 
| 207|0x0000000712100000, 0x0000000712100000, 0x0000000712200000|  0%| F|  |TAMS 0x0000000712100000, 0x0000000712100000| Untracked 
| 208|0x0000000712200000, 0x0000000712200000, 0x0000000712300000|  0%| F|  |TAMS 0x0000000712200000, 0x0000000712200000| Untracked 
| 209|0x0000000712300000, 0x0000000712300000, 0x0000000712400000|  0%| F|  |TAMS 0x0000000712300000, 0x0000000712300000| Untracked 
| 210|0x0000000712400000, 0x0000000712400000, 0x0000000712500000|  0%| F|  |TAMS 0x0000000712400000, 0x0000000712400000| Untracked 
| 211|0x0000000712500000, 0x0000000712500000, 0x0000000712600000|  0%| F|  |TAMS 0x0000000712500000, 0x0000000712500000| Untracked 
| 212|0x0000000712600000, 0x0000000712600000, 0x0000000712700000|  0%| F|  |TAMS 0x0000000712600000, 0x0000000712600000| Untracked 
| 213|0x0000000712700000, 0x0000000712700000, 0x0000000712800000|  0%| F|  |TAMS 0x0000000712700000, 0x0000000712700000| Untracked 
| 214|0x0000000712800000, 0x0000000712800000, 0x0000000712900000|  0%| F|  |TAMS 0x0000000712800000, 0x0000000712800000| Untracked 
| 215|0x0000000712900000, 0x0000000712900000, 0x0000000712a00000|  0%| F|  |TAMS 0x0000000712900000, 0x0000000712900000| Untracked 
| 216|0x0000000712a00000, 0x0000000712a00000, 0x0000000712b00000|  0%| F|  |TAMS 0x0000000712a00000, 0x0000000712a00000| Untracked 
| 217|0x0000000712b00000, 0x0000000712b00000, 0x0000000712c00000|  0%| F|  |TAMS 0x0000000712b00000, 0x0000000712b00000| Untracked 
| 218|0x0000000712c00000, 0x0000000712c00000, 0x0000000712d00000|  0%| F|  |TAMS 0x0000000712c00000, 0x0000000712c00000| Untracked 
| 219|0x0000000712d00000, 0x0000000712d00000, 0x0000000712e00000|  0%| F|  |TAMS 0x0000000712d00000, 0x0000000712d00000| Untracked 
| 220|0x0000000712e00000, 0x0000000712e00000, 0x0000000712f00000|  0%| F|  |TAMS 0x0000000712e00000, 0x0000000712e00000| Untracked 
| 221|0x0000000712f00000, 0x0000000712f00000, 0x0000000713000000|  0%| F|  |TAMS 0x0000000712f00000, 0x0000000712f00000| Untracked 
| 222|0x0000000713000000, 0x0000000713000000, 0x0000000713100000|  0%| F|  |TAMS 0x0000000713000000, 0x0000000713000000| Untracked 
| 223|0x0000000713100000, 0x0000000713100000, 0x0000000713200000|  0%| F|  |TAMS 0x0000000713100000, 0x0000000713100000| Untracked 
| 224|0x0000000713200000, 0x0000000713200000, 0x0000000713300000|  0%| F|  |TAMS 0x0000000713200000, 0x0000000713200000| Untracked 
| 225|0x0000000713300000, 0x0000000713300000, 0x0000000713400000|  0%| F|  |TAMS 0x0000000713300000, 0x0000000713300000| Untracked 
| 226|0x0000000713400000, 0x0000000713400000, 0x0000000713500000|  0%| F|  |TAMS 0x0000000713400000, 0x0000000713400000| Untracked 
| 227|0x0000000713500000, 0x0000000713500000, 0x0000000713600000|  0%| F|  |TAMS 0x0000000713500000, 0x0000000713500000| Untracked 
| 228|0x0000000713600000, 0x0000000713600000, 0x0000000713700000|  0%| F|  |TAMS 0x0000000713600000, 0x0000000713600000| Untracked 
| 229|0x0000000713700000, 0x0000000713700000, 0x0000000713800000|  0%| F|  |TAMS 0x0000000713700000, 0x0000000713700000| Untracked 
| 230|0x0000000713800000, 0x0000000713800000, 0x0000000713900000|  0%| F|  |TAMS 0x0000000713800000, 0x0000000713800000| Untracked 
| 231|0x0000000713900000, 0x0000000713900000, 0x0000000713a00000|  0%| F|  |TAMS 0x0000000713900000, 0x0000000713900000| Untracked 
| 232|0x0000000713a00000, 0x0000000713a00000, 0x0000000713b00000|  0%| F|  |TAMS 0x0000000713a00000, 0x0000000713a00000| Untracked 
| 233|0x0000000713b00000, 0x0000000713b00000, 0x0000000713c00000|  0%| F|  |TAMS 0x0000000713b00000, 0x0000000713b00000| Untracked 
| 234|0x0000000713c00000, 0x0000000713c00000, 0x0000000713d00000|  0%| F|  |TAMS 0x0000000713c00000, 0x0000000713c00000| Untracked 
| 235|0x0000000713d00000, 0x0000000713d00000, 0x0000000713e00000|  0%| F|  |TAMS 0x0000000713d00000, 0x0000000713d00000| Untracked 
| 236|0x0000000713e00000, 0x0000000713e00000, 0x0000000713f00000|  0%| F|  |TAMS 0x0000000713e00000, 0x0000000713e00000| Untracked 
| 237|0x0000000713f00000, 0x0000000713f00000, 0x0000000714000000|  0%| F|  |TAMS 0x0000000713f00000, 0x0000000713f00000| Untracked 
| 238|0x0000000714000000, 0x0000000714000000, 0x0000000714100000|  0%| F|  |TAMS 0x0000000714000000, 0x0000000714000000| Untracked 
| 239|0x0000000714100000, 0x0000000714100000, 0x0000000714200000|  0%| F|  |TAMS 0x0000000714100000, 0x0000000714100000| Untracked 
| 240|0x0000000714200000, 0x0000000714200000, 0x0000000714300000|  0%| F|  |TAMS 0x0000000714200000, 0x0000000714200000| Untracked 
| 241|0x0000000714300000, 0x0000000714300000, 0x0000000714400000|  0%| F|  |TAMS 0x0000000714300000, 0x0000000714300000| Untracked 
| 242|0x0000000714400000, 0x0000000714400000, 0x0000000714500000|  0%| F|  |TAMS 0x0000000714400000, 0x0000000714400000| Untracked 
| 243|0x0000000714500000, 0x0000000714500000, 0x0000000714600000|  0%| F|  |TAMS 0x0000000714500000, 0x0000000714500000| Untracked 
| 244|0x0000000714600000, 0x0000000714600000, 0x0000000714700000|  0%| F|  |TAMS 0x0000000714600000, 0x0000000714600000| Untracked 
| 245|0x0000000714700000, 0x0000000714700000, 0x0000000714800000|  0%| F|  |TAMS 0x0000000714700000, 0x0000000714700000| Untracked 
| 246|0x0000000714800000, 0x0000000714800000, 0x0000000714900000|  0%| F|  |TAMS 0x0000000714800000, 0x0000000714800000| Untracked 
| 247|0x0000000714900000, 0x0000000714900000, 0x0000000714a00000|  0%| F|  |TAMS 0x0000000714900000, 0x0000000714900000| Untracked 
| 248|0x0000000714a00000, 0x0000000714a00000, 0x0000000714b00000|  0%| F|  |TAMS 0x0000000714a00000, 0x0000000714a00000| Untracked 
| 249|0x0000000714b00000, 0x0000000714b00000, 0x0000000714c00000|  0%| F|  |TAMS 0x0000000714b00000, 0x0000000714b00000| Untracked 
| 250|0x0000000714c00000, 0x0000000714c00000, 0x0000000714d00000|  0%| F|  |TAMS 0x0000000714c00000, 0x0000000714c00000| Untracked 
| 251|0x0000000714d00000, 0x0000000714d00000, 0x0000000714e00000|  0%| F|  |TAMS 0x0000000714d00000, 0x0000000714d00000| Untracked 
| 252|0x0000000714e00000, 0x0000000714e00000, 0x0000000714f00000|  0%| F|  |TAMS 0x0000000714e00000, 0x0000000714e00000| Untracked 
| 253|0x0000000714f00000, 0x0000000714f00000, 0x0000000715000000|  0%| F|  |TAMS 0x0000000714f00000, 0x0000000714f00000| Untracked 
| 254|0x0000000715000000, 0x0000000715000000, 0x0000000715100000|  0%| F|  |TAMS 0x0000000715000000, 0x0000000715000000| Untracked 
| 255|0x0000000715100000, 0x0000000715100000, 0x0000000715200000|  0%| F|  |TAMS 0x0000000715100000, 0x0000000715100000| Untracked 
| 256|0x0000000715200000, 0x0000000715200000, 0x0000000715300000|  0%| F|  |TAMS 0x0000000715200000, 0x0000000715200000| Untracked 
| 257|0x0000000715300000, 0x0000000715300000, 0x0000000715400000|  0%| F|  |TAMS 0x0000000715300000, 0x0000000715300000| Untracked 
| 258|0x0000000715400000, 0x0000000715400000, 0x0000000715500000|  0%| F|  |TAMS 0x0000000715400000, 0x0000000715400000| Untracked 
| 259|0x0000000715500000, 0x0000000715500000, 0x0000000715600000|  0%| F|  |TAMS 0x0000000715500000, 0x0000000715500000| Untracked 
| 260|0x0000000715600000, 0x0000000715600000, 0x0000000715700000|  0%| F|  |TAMS 0x0000000715600000, 0x0000000715600000| Untracked 
| 261|0x0000000715700000, 0x0000000715700000, 0x0000000715800000|  0%| F|  |TAMS 0x0000000715700000, 0x0000000715700000| Untracked 
| 262|0x0000000715800000, 0x0000000715800000, 0x0000000715900000|  0%| F|  |TAMS 0x0000000715800000, 0x0000000715800000| Untracked 
| 263|0x0000000715900000, 0x0000000715900000, 0x0000000715a00000|  0%| F|  |TAMS 0x0000000715900000, 0x0000000715900000| Untracked 
| 264|0x0000000715a00000, 0x0000000715a00000, 0x0000000715b00000|  0%| F|  |TAMS 0x0000000715a00000, 0x0000000715a00000| Untracked 
| 265|0x0000000715b00000, 0x0000000715b00000, 0x0000000715c00000|  0%| F|  |TAMS 0x0000000715b00000, 0x0000000715b00000| Untracked 
| 266|0x0000000715c00000, 0x0000000715c00000, 0x0000000715d00000|  0%| F|  |TAMS 0x0000000715c00000, 0x0000000715c00000| Untracked 
| 267|0x0000000715d00000, 0x0000000715d00000, 0x0000000715e00000|  0%| F|  |TAMS 0x0000000715d00000, 0x0000000715d00000| Untracked 
| 268|0x0000000715e00000, 0x0000000715e00000, 0x0000000715f00000|  0%| F|  |TAMS 0x0000000715e00000, 0x0000000715e00000| Untracked 
| 269|0x0000000715f00000, 0x0000000715f00000, 0x0000000716000000|  0%| F|  |TAMS 0x0000000715f00000, 0x0000000715f00000| Untracked 
| 270|0x0000000716000000, 0x0000000716000000, 0x0000000716100000|  0%| F|  |TAMS 0x0000000716000000, 0x0000000716000000| Untracked 
| 271|0x0000000716100000, 0x0000000716100000, 0x0000000716200000|  0%| F|  |TAMS 0x0000000716100000, 0x0000000716100000| Untracked 
| 272|0x0000000716200000, 0x0000000716200000, 0x0000000716300000|  0%| F|  |TAMS 0x0000000716200000, 0x0000000716200000| Untracked 
| 273|0x0000000716300000, 0x0000000716300000, 0x0000000716400000|  0%| F|  |TAMS 0x0000000716300000, 0x0000000716300000| Untracked 
| 274|0x0000000716400000, 0x0000000716400000, 0x0000000716500000|  0%| F|  |TAMS 0x0000000716400000, 0x0000000716400000| Untracked 
| 275|0x0000000716500000, 0x0000000716500000, 0x0000000716600000|  0%| F|  |TAMS 0x0000000716500000, 0x0000000716500000| Untracked 
| 276|0x0000000716600000, 0x0000000716600000, 0x0000000716700000|  0%| F|  |TAMS 0x0000000716600000, 0x0000000716600000| Untracked 
| 277|0x0000000716700000, 0x0000000716700000, 0x0000000716800000|  0%| F|  |TAMS 0x0000000716700000, 0x0000000716700000| Untracked 
| 278|0x0000000716800000, 0x0000000716800000, 0x0000000716900000|  0%| F|  |TAMS 0x0000000716800000, 0x0000000716800000| Untracked 
| 279|0x0000000716900000, 0x0000000716900000, 0x0000000716a00000|  0%| F|  |TAMS 0x0000000716900000, 0x0000000716900000| Untracked 
| 280|0x0000000716a00000, 0x0000000716a00000, 0x0000000716b00000|  0%| F|  |TAMS 0x0000000716a00000, 0x0000000716a00000| Untracked 
| 281|0x0000000716b00000, 0x0000000716b42f50, 0x0000000716c00000| 26%| E|  |TAMS 0x0000000716b00000, 0x0000000716b00000| Complete 
| 282|0x0000000716c00000, 0x0000000716d00000, 0x0000000716d00000|100%| E|CS|TAMS 0x0000000716c00000, 0x0000000716c00000| Complete 
| 283|0x0000000716d00000, 0x0000000716e00000, 0x0000000716e00000|100%| E|CS|TAMS 0x0000000716d00000, 0x0000000716d00000| Complete 
| 284|0x0000000716e00000, 0x0000000716f00000, 0x0000000716f00000|100%| E|CS|TAMS 0x0000000716e00000, 0x0000000716e00000| Complete 
| 285|0x0000000716f00000, 0x0000000717000000, 0x0000000717000000|100%| E|CS|TAMS 0x0000000716f00000, 0x0000000716f00000| Complete 
| 286|0x0000000717000000, 0x0000000717100000, 0x0000000717100000|100%| E|CS|TAMS 0x0000000717000000, 0x0000000717000000| Complete 
| 287|0x0000000717100000, 0x0000000717200000, 0x0000000717200000|100%| E|CS|TAMS 0x0000000717100000, 0x0000000717100000| Complete 
| 288|0x0000000717200000, 0x0000000717300000, 0x0000000717300000|100%| E|CS|TAMS 0x0000000717200000, 0x0000000717200000| Complete 
| 289|0x0000000717300000, 0x0000000717400000, 0x0000000717400000|100%| E|CS|TAMS 0x0000000717300000, 0x0000000717300000| Complete 
| 290|0x0000000717400000, 0x0000000717500000, 0x0000000717500000|100%| E|CS|TAMS 0x0000000717400000, 0x0000000717400000| Complete 
| 291|0x0000000717500000, 0x0000000717600000, 0x0000000717600000|100%| E|CS|TAMS 0x0000000717500000, 0x0000000717500000| Complete 
| 292|0x0000000717600000, 0x0000000717700000, 0x0000000717700000|100%| E|CS|TAMS 0x0000000717600000, 0x0000000717600000| Complete 
| 293|0x0000000717700000, 0x0000000717800000, 0x0000000717800000|100%| E|CS|TAMS 0x0000000717700000, 0x0000000717700000| Complete 
| 294|0x0000000717800000, 0x0000000717900000, 0x0000000717900000|100%| E|CS|TAMS 0x0000000717800000, 0x0000000717800000| Complete 
| 295|0x0000000717900000, 0x0000000717a00000, 0x0000000717a00000|100%| E|CS|TAMS 0x0000000717900000, 0x0000000717900000| Complete 
| 296|0x0000000717a00000, 0x0000000717b00000, 0x0000000717b00000|100%| E|CS|TAMS 0x0000000717a00000, 0x0000000717a00000| Complete 
| 297|0x0000000717b00000, 0x0000000717c00000, 0x0000000717c00000|100%| E|CS|TAMS 0x0000000717b00000, 0x0000000717b00000| Complete 
| 298|0x0000000717c00000, 0x0000000717d00000, 0x0000000717d00000|100%| E|CS|TAMS 0x0000000717c00000, 0x0000000717c00000| Complete 
| 299|0x0000000717d00000, 0x0000000717e00000, 0x0000000717e00000|100%| E|CS|TAMS 0x0000000717d00000, 0x0000000717d00000| Complete 
| 300|0x0000000717e00000, 0x0000000717f00000, 0x0000000717f00000|100%| E|CS|TAMS 0x0000000717e00000, 0x0000000717e00000| Complete 
| 301|0x0000000717f00000, 0x0000000718000000, 0x0000000718000000|100%| E|CS|TAMS 0x0000000717f00000, 0x0000000717f00000| Complete 
| 302|0x0000000718000000, 0x0000000718100000, 0x0000000718100000|100%| E|CS|TAMS 0x0000000718000000, 0x0000000718000000| Complete 

Card table byte_map: [0x00000223f5920000,0x00000223f6100000] _byte_map_base: 0x00000223f20f7000

Marking Bits (Prev, Next): (CMBitMap*) 0x00000223ed56a480, (CMBitMap*) 0x00000223ed56a448
 Prev Bits: [0x00000223fa7a0000, 0x00000223fe658000)
 Next Bits: [0x00000223f68e0000, 0x00000223fa798000)

Polling page: 0x00000223eb500000

Metaspace:

Usage:
  Non-class:     70.35 MB capacity,    69.08 MB ( 98%) used,     1.01 MB (  1%) free+waste,   264.88 KB ( <1%) overhead. 
      Class:     10.88 MB capacity,    10.06 MB ( 92%) used,   714.62 KB (  6%) free+waste,   125.44 KB (  1%) overhead. 
       Both:     81.23 MB capacity,    79.14 MB ( 97%) used,     1.71 MB (  2%) free+waste,   390.31 KB ( <1%) overhead. 

Virtual space:
  Non-class space:       72.00 MB reserved,      70.50 MB ( 98%) committed 
      Class space:        1.00 GB reserved,      11.00 MB (  1%) committed 
             Both:        1.07 GB reserved,      81.50 MB (  7%) committed 

Chunk freelists:
   Non-Class:  3.62 KB
       Class:  2.88 KB
        Both:  6.50 KB

CodeHeap 'non-profiled nmethods': size=120000Kb used=5500Kb max_used=5500Kb free=114499Kb
 bounds [0x0000022387ad0000, 0x0000022388030000, 0x000002238f000000]
CodeHeap 'profiled nmethods': size=120000Kb used=15158Kb max_used=15158Kb free=104841Kb
 bounds [0x00000223805a0000, 0x0000022381470000, 0x0000022387ad0000]
CodeHeap 'non-nmethods': size=5760Kb used=1344Kb max_used=1388Kb free=4415Kb
 bounds [0x0000022380000000, 0x0000022380270000, 0x00000223805a0000]
 total_blobs=7006 nmethods=6364 adapters=561
 compilation: enabled
              stopped_count=0, restarted_count=0
 full_count=0

Compilation events (10 events):
Event: 16.390 Thread 0x0000022391108800 nmethod 6353 0x0000022381453d90 code [0x0000022381453fa0, 0x0000022381454498]
Event: 16.391 Thread 0x0000022391108800 6354       3       com.mysql.cj.jdbc.StatementImpl::checkClosed (29 bytes)
Event: 16.391 Thread 0x0000022391108800 nmethod 6354 0x0000022381454690 code [0x0000022381454860, 0x0000022381454c38]
Event: 16.392 Thread 0x0000022391108800 6355       3       java.lang.String::getBytes (25 bytes)
Event: 16.392 Thread 0x0000022391108800 nmethod 6355 0x0000022381454d90 code [0x0000022381454f60, 0x0000022381455238]
Event: 16.392 Thread 0x0000022391108800 6356   !   3       java.lang.StringCoding::encode (152 bytes)
Event: 16.393 Thread 0x0000022391108800 nmethod 6356 0x0000022381455390 code [0x0000022381455740, 0x0000022381456ea8]
Event: 16.393 Thread 0x0000022391108800 6357       3       com.mysql.cj.protocol.a.NativePacketPayload::writeBytes (73 bytes)
Event: 16.394 Thread 0x0000022391108800 nmethod 6357 0x0000022381457910 code [0x0000022381457ae0, 0x0000022381457e78]
Event: 16.397 Thread 0x0000022391108800 6358   !   3       org.hibernate.property.access.spi.GetterFieldImpl::get (191 bytes)

GC Heap History (10 events):
Event: 2.116 GC heap before
{Heap before GC invocations=4 (full 0):
 garbage-first heap   total 258048K, used 82814K [0x0000000705200000, 0x0000000800000000)
  region size 1024K, 74 young (75776K), 5 survivors (5120K)
 Metaspace       used 32648K, capacity 33469K, committed 33664K, reserved 1079296K
  class space    used 3831K, capacity 4142K, committed 4224K, reserved 1048576K
}
Event: 2.120 GC heap after
{Heap after GC invocations=5 (full 0):
 garbage-first heap   total 258048K, used 13935K [0x0000000705200000, 0x0000000800000000)
  region size 1024K, 6 young (6144K), 6 survivors (6144K)
 Metaspace       used 32648K, capacity 33469K, committed 33664K, reserved 1079296K
  class space    used 3831K, capacity 4142K, committed 4224K, reserved 1048576K
}
Event: 2.342 GC heap before
{Heap before GC invocations=5 (full 0):
 garbage-first heap   total 258048K, used 31343K [0x0000000705200000, 0x0000000800000000)
  region size 1024K, 24 young (24576K), 6 survivors (6144K)
 Metaspace       used 34877K, capacity 35712K, committed 35840K, reserved 1081344K
  class space    used 4165K, capacity 4487K, committed 4608K, reserved 1048576K
}
Event: 2.348 GC heap after
{Heap after GC invocations=6 (full 0):
 garbage-first heap   total 258048K, used 14785K [0x0000000705200000, 0x0000000800000000)
  region size 1024K, 7 young (7168K), 7 survivors (7168K)
 Metaspace       used 34877K, capacity 35712K, committed 35840K, reserved 1081344K
  class space    used 4165K, capacity 4487K, committed 4608K, reserved 1048576K
}
Event: 4.034 GC heap before
{Heap before GC invocations=7 (full 0):
 garbage-first heap   total 258048K, used 150977K [0x0000000705200000, 0x0000000800000000)
  region size 1024K, 140 young (143360K), 7 survivors (7168K)
 Metaspace       used 51401K, capacity 52744K, committed 53120K, reserved 1095680K
  class space    used 6371K, capacity 6915K, committed 7040K, reserved 1048576K
}
Event: 4.051 GC heap after
{Heap after GC invocations=8 (full 0):
 garbage-first heap   total 310272K, used 21129K [0x0000000705200000, 0x0000000800000000)
  region size 1024K, 13 young (13312K), 13 survivors (13312K)
 Metaspace       used 51401K, capacity 52744K, committed 53120K, reserved 1095680K
  class space    used 6371K, capacity 6915K, committed 7040K, reserved 1048576K
}
Event: 4.717 GC heap before
{Heap before GC invocations=8 (full 0):
 garbage-first heap   total 310272K, used 82569K [0x0000000705200000, 0x0000000800000000)
  region size 1024K, 75 young (76800K), 13 survivors (13312K)
 Metaspace       used 58723K, capacity 60070K, committed 60160K, reserved 1101824K
  class space    used 7462K, capacity 8030K, committed 8064K, reserved 1048576K
}
Event: 4.730 GC heap after
{Heap after GC invocations=9 (full 0):
 garbage-first heap   total 310272K, used 24781K [0x0000000705200000, 0x0000000800000000)
  region size 1024K, 15 young (15360K), 15 survivors (15360K)
 Metaspace       used 58723K, capacity 60070K, committed 60160K, reserved 1101824K
  class space    used 7462K, capacity 8030K, committed 8064K, reserved 1048576K
}
Event: 15.100 GC heap before
{Heap before GC invocations=10 (full 0):
 garbage-first heap   total 310272K, used 185549K [0x0000000705200000, 0x0000000800000000)
  region size 1024K, 172 young (176128K), 15 survivors (15360K)
 Metaspace       used 77916K, capacity 79998K, committed 80128K, reserved 1118208K
  class space    used 9918K, capacity 10743K, committed 10752K, reserved 1048576K
}
Event: 15.114 GC heap after
{Heap after GC invocations=11 (full 0):
 garbage-first heap   total 310272K, used 31600K [0x0000000705200000, 0x0000000800000000)
  region size 1024K, 18 young (18432K), 18 survivors (18432K)
 Metaspace       used 77916K, capacity 79998K, committed 80128K, reserved 1118208K
  class space    used 9918K, capacity 10743K, committed 10752K, reserved 1048576K
}

Deoptimization events (10 events):
Event: 16.354 Thread 0x00000223a3350000 Uncommon trap: reason=unstable_if action=reinterpret pc=0x0000022387c661a4 method=java.util.concurrent.ConcurrentMap.computeIfAbsent(Ljava/lang/Object;Ljava/util/function/Function;)Ljava/lang/Object; @ 41 c2
Event: 16.354 Thread 0x00000223a334d800 Uncommon trap: reason=unstable_if action=reinterpret pc=0x0000022387c661a4 method=java.util.concurrent.ConcurrentMap.computeIfAbsent(Ljava/lang/Object;Ljava/util/function/Function;)Ljava/lang/Object; @ 41 c2
Event: 16.355 Thread 0x00000223a334f800 Uncommon trap: reason=unstable_if action=reinterpret pc=0x0000022387f99d80 method=java.lang.reflect.Executable.declaredAnnotations()Ljava/util/Map; @ 19 c2
Event: 16.355 Thread 0x00000223a334d800 Uncommon trap: reason=unstable_if action=reinterpret pc=0x0000022387f99d80 method=java.lang.reflect.Executable.declaredAnnotations()Ljava/util/Map; @ 19 c2
Event: 16.355 Thread 0x00000223a3350000 Uncommon trap: reason=unstable_if action=reinterpret pc=0x0000022387f918e0 method=org.springframework.transaction.annotation.SpringTransactionAnnotationParser.parseTransactionAnnotation(Ljava/lang/reflect/AnnotatedElement;)Lorg/springframework/transaction
Event: 16.355 Thread 0x00000223a334f800 Uncommon trap: reason=unstable_if action=reinterpret pc=0x0000022387f918e0 method=org.springframework.transaction.annotation.SpringTransactionAnnotationParser.parseTransactionAnnotation(Ljava/lang/reflect/AnnotatedElement;)Lorg/springframework/transaction
Event: 16.355 Thread 0x00000223a334d800 Uncommon trap: reason=unstable_if action=reinterpret pc=0x0000022387f918e0 method=org.springframework.transaction.annotation.SpringTransactionAnnotationParser.parseTransactionAnnotation(Ljava/lang/reflect/AnnotatedElement;)Lorg/springframework/transaction
Event: 16.360 Thread 0x00000223a334f800 Uncommon trap: reason=unstable_if action=reinterpret pc=0x0000022387fd7804 method=org.springframework.util.ConcurrentReferenceHashMap$Segment.doTask(ILjava/lang/Object;Lorg/springframework/util/ConcurrentReferenceHashMap$Task;)Ljava/lang/Object; @ 89 c2
Event: 16.392 Thread 0x00000223a334f800 Uncommon trap: reason=unstable_if action=reinterpret pc=0x000002238800bd70 method=com.mysql.cj.protocol.a.NativePacketPayload.readInteger(Lcom/mysql/cj/protocol/a/NativeConstants$IntegerDataType;)J @ 582 c2
Event: 16.392 Thread 0x00000223a3350000 Uncommon trap: reason=unstable_if action=reinterpret pc=0x000002238800bd70 method=com.mysql.cj.protocol.a.NativePacketPayload.readInteger(Lcom/mysql/cj/protocol/a/NativeConstants$IntegerDataType;)J @ 582 c2

Classes redefined (1 events):
Event: 0.191 Thread 0x0000022391085000 redefined class name=java.lang.Throwable, count=1

Internal exceptions (10 events):
Event: 6.408 Thread 0x00000223ed506000 Exception <a 'java/lang/NoSuchMethodError'{0x000000070e6d7e20}: java.lang.invoke.DirectMethodHandle$Holder.invokeVirtual(Ljava/lang/Object;Ljava/lang/Object;)V> (0x000000070e6d7e20) thrown at [./open/src/hotspot/share/interpreter/linkResolver.cpp, line 77
Event: 15.092 Thread 0x00000223a334e800 Exception <a 'java/lang/NoSuchMethodError'{0x000000070d6ccf78}: java.lang.invoke.Invokers$Holder.linkToTargetMethod(Ljava/lang/Object;Ljava/lang/Object;Ljava/lang/Object;Ljava/lang/Object;Ljava/lang/Object;Ljava/lang/Object;Ljava/lang/Object;)Ljava/lang/O
Event: 15.162 Thread 0x00000223a334e800 Exception <a 'java/lang/NoSuchMethodError'{0x0000000717b0af10}: java.lang.invoke.DirectMethodHandle$Holder.invokeStaticInit(Ljava/lang/Object;Ljava/lang/Object;Ljava/lang/Object;Ljava/lang/Object;Ljava/lang/Object;Ljava/lang/Object;)Ljava/lang/Object;> (0
Event: 15.169 Thread 0x00000223a334e800 Exception <a 'java/lang/NoSuchMethodError'{0x0000000717b95e78}: java.lang.invoke.DirectMethodHandle$Holder.invokeStatic(Ljava/lang/Object;J)Ljava/lang/Object;> (0x0000000717b95e78) thrown at [./open/src/hotspot/share/interpreter/linkResolver.cpp, line 772
Event: 16.357 Thread 0x00000223a334f800 Exception <a 'java/lang/ClassNotFoundException'{0x0000000716f861c0}: java/lang/ObjectCustomizer> (0x0000000716f861c0) thrown at [./open/src/hotspot/share/classfile/systemDictionary.cpp, line 226]
Event: 16.358 Thread 0x00000223a3350000 Exception <a 'java/lang/ClassNotFoundException'{0x00000007170c7760}: java/lang/ObjectCustomizer> (0x00000007170c7760) thrown at [./open/src/hotspot/share/classfile/systemDictionary.cpp, line 226]
Event: 16.358 Thread 0x00000223a334d800 Exception <a 'java/lang/ClassNotFoundException'{0x000000071701ec38}: java/lang/ObjectCustomizer> (0x000000071701ec38) thrown at [./open/src/hotspot/share/classfile/systemDictionary.cpp, line 226]
Event: 16.358 Thread 0x00000223a334f800 Exception <a 'java/lang/ClassNotFoundException'{0x0000000716fa0a78}: com/relfor/pcs_audting/models/RequestResponseAuditCustomizer> (0x0000000716fa0a78) thrown at [./open/src/hotspot/share/classfile/systemDictionary.cpp, line 226]
Event: 16.358 Thread 0x00000223a3350000 Exception <a 'java/lang/ClassNotFoundException'{0x00000007170e1d90}: com/relfor/pcs_audting/models/RequestResponseAuditCustomizer> (0x00000007170e1d90) thrown at [./open/src/hotspot/share/classfile/systemDictionary.cpp, line 226]
Event: 16.359 Thread 0x00000223a334d800 Exception <a 'java/lang/ClassNotFoundException'{0x0000000717039268}: com/relfor/pcs_audting/models/RequestResponseAuditCustomizer> (0x0000000717039268) thrown at [./open/src/hotspot/share/classfile/systemDictionary.cpp, line 226]

Events (10 events):
Event: 16.396 loading class org/hibernate/event/spi/PostInsertEvent
Event: 16.396 loading class org/hibernate/event/spi/PostInsertEvent done
Event: 16.396 loading class org/hibernate/event/spi/PostInsertEvent
Event: 16.396 loading class org/hibernate/event/spi/PostInsertEvent done
Event: 16.396 loading class org/hibernate/event/spi/PostInsertEventListener
Event: 16.396 loading class org/hibernate/event/spi/PostInsertEventListener done
Event: 16.396 loading class org/hibernate/event/spi/PostInsertEventListener
Event: 16.396 loading class org/hibernate/event/spi/PostInsertEventListener done
Event: 16.397 loading class org/hibernate/engine/spi/CachedNaturalIdValueSource
Event: 16.397 loading class org/hibernate/engine/spi/CachedNaturalIdValueSource done


Dynamic libraries:
0x00007ff716870000 - 0x00007ff716880000 	C:\Program Files\Java\jdk-11\bin\java.exe
0x00007ffa302d0000 - 0x00007ffa304e7000 	C:\windows\SYSTEM32\ntdll.dll
0x00007ffa2fa00000 - 0x00007ffa2fac4000 	C:\windows\System32\KERNEL32.DLL
0x00007ffa2d6a0000 - 0x00007ffa2da70000 	C:\windows\System32\KERNELBASE.dll
0x00007ffa2d580000 - 0x00007ffa2d691000 	C:\windows\System32\ucrtbase.dll
0x00007ffa0aab0000 - 0x00007ffa0aac9000 	C:\Program Files\Java\jdk-11\bin\jli.dll
0x00007ff9f3840000 - 0x00007ff9f385b000 	C:\Program Files\Java\jdk-11\bin\VCRUNTIME140.dll
0x00007ffa2ff10000 - 0x00007ffa2ffc1000 	C:\windows\System32\ADVAPI32.dll
0x00007ffa2ecd0000 - 0x00007ffa2ed77000 	C:\windows\System32\msvcrt.dll
0x00007ffa2ee90000 - 0x00007ffa2ef37000 	C:\windows\System32\sechost.dll
0x00007ffa2dc30000 - 0x00007ffa2dc58000 	C:\windows\System32\bcrypt.dll
0x00007ffa2e840000 - 0x00007ffa2e954000 	C:\windows\System32\RPCRT4.dll
0x00007ffa2eb20000 - 0x00007ffa2ecce000 	C:\windows\System32\USER32.dll
0x00007ffa2dd00000 - 0x00007ffa2dd26000 	C:\windows\System32\win32u.dll
0x00007ffa11be0000 - 0x00007ffa11e72000 	C:\windows\WinSxS\amd64_microsoft.windows.common-controls_6595b64144ccf1df_6.0.22621.4830_none_270fe7d773858e80\COMCTL32.dll
0x00007ffa2fad0000 - 0x00007ffa2faf9000 	C:\windows\System32\GDI32.dll
0x00007ffa2dd30000 - 0x00007ffa2de4b000 	C:\windows\System32\gdi32full.dll
0x00007ffa2dc60000 - 0x00007ffa2dcfa000 	C:\windows\System32\msvcp_win.dll
0x00007ffa25fe0000 - 0x00007ffa25fea000 	C:\windows\SYSTEM32\VERSION.dll
0x00007ffa2fca0000 - 0x00007ffa2fcd1000 	C:\windows\System32\IMM32.DLL
0x00007ffa0deb0000 - 0x00007ffa0debc000 	C:\Program Files\Java\jdk-11\bin\vcruntime140_1.dll
0x00007ff9b0b60000 - 0x00007ff9b0bee000 	C:\Program Files\Java\jdk-11\bin\msvcp140.dll
0x00007ff98ccf0000 - 0x00007ff98d85d000 	C:\Program Files\Java\jdk-11\bin\server\jvm.dll
0x00007ffa2f550000 - 0x00007ffa2f558000 	C:\windows\System32\PSAPI.DLL
0x00007ffa27490000 - 0x00007ffa274c4000 	C:\windows\SYSTEM32\WINMM.dll
0x00007ffa0a4d0000 - 0x00007ffa0a4d9000 	C:\windows\SYSTEM32\WSOCK32.dll
0x00007ffa2ffd0000 - 0x00007ffa30041000 	C:\windows\System32\WS2_32.dll
0x00007ffa2c580000 - 0x00007ffa2c598000 	C:\windows\SYSTEM32\kernel.appcore.dll
0x00007ffa00670000 - 0x00007ffa00680000 	C:\Program Files\Java\jdk-11\bin\verify.dll
0x00007ffa266f0000 - 0x00007ffa26922000 	C:\windows\SYSTEM32\DBGHELP.DLL
0x00007ffa2efb0000 - 0x00007ffa2f340000 	C:\windows\System32\combase.dll
0x00007ffa2fbc0000 - 0x00007ffa2fc97000 	C:\windows\System32\OLEAUT32.dll
0x00007ffa266b0000 - 0x00007ffa266e2000 	C:\windows\SYSTEM32\dbgcore.DLL
0x00007ffa2da70000 - 0x00007ffa2daeb000 	C:\windows\System32\bcryptPrimitives.dll
0x00007ff9ee170000 - 0x00007ff9ee198000 	C:\Program Files\Java\jdk-11\bin\java.dll
0x00007ff9fb0a0000 - 0x00007ff9fb0aa000 	C:\Program Files\Java\jdk-11\bin\jimage.dll
0x00007ffa29df0000 - 0x00007ffa29e28000 	C:\Program Files\Java\jdk-11\bin\jdwp.dll
0x00007ff9f79d0000 - 0x00007ff9f79de000 	C:\Program Files\Java\jdk-11\bin\instrument.dll
0x00007ff9f27e0000 - 0x00007ff9f27f7000 	C:\Program Files\Java\jdk-11\bin\zip.dll
0x00007ffa2dfc0000 - 0x00007ffa2e838000 	C:\windows\System32\SHELL32.dll
0x00007ffa2b480000 - 0x00007ffa2bd90000 	C:\windows\SYSTEM32\windows.storage.dll
0x00007ffa2b340000 - 0x00007ffa2b47f000 	C:\windows\SYSTEM32\wintypes.dll
0x00007ffa2ed80000 - 0x00007ffa2ee8a000 	C:\windows\System32\SHCORE.dll
0x00007ffa2fb00000 - 0x00007ffa2fb5e000 	C:\windows\System32\shlwapi.dll
0x00007ffa2d4b0000 - 0x00007ffa2d4db000 	C:\windows\SYSTEM32\profapi.dll
0x00007ffa29dc0000 - 0x00007ffa29dcb000 	C:\Program Files\Java\jdk-11\bin\dt_socket.dll
0x00007ffa2ca70000 - 0x00007ffa2cada000 	C:\windows\system32\mswsock.dll
0x00007ff9f24b0000 - 0x00007ff9f24c9000 	C:\Program Files\Java\jdk-11\bin\net.dll
0x00007ffa2a0d0000 - 0x00007ffa2a1fc000 	C:\windows\SYSTEM32\WINHTTP.dll
0x00007ff9f1ec0000 - 0x00007ff9f1ed2000 	C:\Program Files\Java\jdk-11\bin\nio.dll
0x00007ff9f54d0000 - 0x00007ff9f54d9000 	C:\Program Files\Java\jdk-11\bin\management.dll
0x00007ff9f39a0000 - 0x00007ff9f39ab000 	C:\Program Files\Java\jdk-11\bin\management_ext.dll
0x00007ffa12450000 - 0x00007ffa12467000 	C:\windows\system32\napinsp.dll
0x00007ffa12400000 - 0x00007ffa1241b000 	C:\windows\system32\pnrpnsp.dll
0x00007ffa2c060000 - 0x00007ffa2c162000 	C:\windows\SYSTEM32\DNSAPI.dll
0x00007ffa2bff0000 - 0x00007ffa2c01d000 	C:\windows\SYSTEM32\IPHLPAPI.DLL
0x00007ffa2f570000 - 0x00007ffa2f579000 	C:\windows\System32\NSI.dll
0x00007ffa123e0000 - 0x00007ffa123f1000 	C:\windows\System32\winrnr.dll
0x00007ffa122c0000 - 0x00007ffa122d5000 	C:\windows\system32\wshbth.dll
0x00007ffa12290000 - 0x00007ffa122b7000 	C:\windows\system32\nlansp_c.dll
0x00007ffa289f0000 - 0x00007ffa289fa000 	C:\Windows\System32\rasadhlp.dll
0x00007ffa271a0000 - 0x00007ffa27223000 	C:\windows\System32\fwpuclnt.dll
0x00007ffa2cc90000 - 0x00007ffa2ccab000 	C:\windows\SYSTEM32\CRYPTSP.dll
0x00007ffa2c4e0000 - 0x00007ffa2c515000 	C:\windows\system32\rsaenh.dll
0x00007ffa2cb30000 - 0x00007ffa2cb58000 	C:\windows\SYSTEM32\USERENV.dll
0x00007ffa2ccb0000 - 0x00007ffa2ccbc000 	C:\windows\SYSTEM32\CRYPTBASE.dll
0x00007ffa28a00000 - 0x00007ffa28a19000 	C:\windows\SYSTEM32\dhcpcsvc6.DLL
0x00007ffa27890000 - 0x00007ffa278af000 	C:\windows\SYSTEM32\dhcpcsvc.DLL
0x00007ff9e6b60000 - 0x00007ff9e6b6e000 	C:\Program Files\Java\jdk-11\bin\sunmscapi.dll
0x00007ffa2de50000 - 0x00007ffa2dfb6000 	C:\windows\System32\CRYPT32.dll
0x00007ffa2cf40000 - 0x00007ffa2cf6d000 	C:\windows\SYSTEM32\ncrypt.dll
0x00007ffa2cf00000 - 0x00007ffa2cf37000 	C:\windows\SYSTEM32\NTASN1.dll
0x00007ff9b0b30000 - 0x00007ff9b0b57000 	C:\Program Files\Java\jdk-11\bin\sunec.dll

dbghelp: loaded successfully - version: 4.0.5 - missing functions: none
symbol engine: initialized successfully - sym options: 0x614 - pdb path: .;C:\Program Files\Java\jdk-11\bin;C:\windows\SYSTEM32;C:\windows\WinSxS\amd64_microsoft.windows.common-controls_6595b64144ccf1df_6.0.22621.4830_none_270fe7d773858e80;C:\Program Files\Java\jdk-11\bin\server

VM Arguments:
jvm_args: -agentlib:jdwp=transport=dt_socket,address=127.0.0.1:50414,suspend=y,server=n -javaagent:C:\Users\relfo\AppData\Local\JetBrains\IdeaIC2024.3\captureAgent\debugger-agent.jar -Dkotlinx.coroutines.debug.enable.creation.stack.trace=false -Ddebugger.agent.enable.coroutines=true -Dkotlinx.coroutines.debug.enable.flows.stack.trace=true -Dkotlinx.coroutines.debug.enable.mutable.state.flows.stack.trace=true -Dfile.encoding=UTF-8 
java_command: com.relfor.pcs_audting.PcsAudtingApplication
java_class_path (initial): D:\audit\pcs-audting\target\classes;C:\Users\relfo\.m2\repository\org\springframework\boot\spring-boot-starter-web\2.7.5\spring-boot-starter-web-2.7.5.jar;C:\Users\relfo\.m2\repository\org\springframework\boot\spring-boot-starter-json\2.7.5\spring-boot-starter-json-2.7.5.jar;C:\Users\relfo\.m2\repository\com\fasterxml\jackson\datatype\jackson-datatype-jdk8\2.13.4\jackson-datatype-jdk8-2.13.4.jar;C:\Users\relfo\.m2\repository\com\fasterxml\jackson\datatype\jackson-datatype-jsr310\2.13.4\jackson-datatype-jsr310-2.13.4.jar;C:\Users\relfo\.m2\repository\com\fasterxml\jackson\module\jackson-module-parameter-names\2.13.4\jackson-module-parameter-names-2.13.4.jar;C:\Users\relfo\.m2\repository\org\springframework\spring-web\5.3.23\spring-web-5.3.23.jar;C:\Users\relfo\.m2\repository\org\springframework\spring-beans\5.3.23\spring-beans-5.3.23.jar;C:\Users\relfo\.m2\repository\org\springframework\spring-webmvc\5.3.23\spring-webmvc-5.3.23.jar;C:\Users\relfo\.m2\repository\org\springframework\spring-aop\5.3.23\spring-aop-5.3.23.jar;C:\Users\relfo\.m2\repository\org\springframework\spring-context\5.3.23\spring-context-5.3.23.jar;C:\Users\relfo\.m2\repository\org\springframework\spring-expression\5.3.23\spring-expression-5.3.23.jar;C:\Users\relfo\.m2\repository\org\springframework\boot\spring-boot-starter\2.7.5\spring-boot-starter-2.7.5.jar;C:\Users\relfo\.m2\repository\org\springframework\boot\spring-boot\2.7.5\spring-boot-2.7.5.jar;C:\Users\relfo\.m2\repository\org\springframework\boot\spring-boot-autoconfigure\2.7.5\spring-boot-autoconfigure-2.7.5.jar;C:\Users\relfo\.m2\repository\org\springframework\boot\spring-boot-starter-logging\2.7.5\spring-boot-starter-logging-2.7.5.jar;C:\Users\relfo\.m2\repository\ch\qos\logback\logback-classic\1.2.11\logback-classic-1.2.11.jar;C:\Users\relfo\.m2\repository\ch\qos\logback\logback-core\1.2.11\logback-core-1.2.11.jar;C:\Users\relfo\.m2\repository\org\apache\logging\log4j\log4j-to-slf4j\2.17.2\log4j-to-slf4j-2.
Launcher Type: SUN_STANDARD

[Global flags]
     intx CICompilerCount                          = 4                                         {product} {ergonomic}
     uint ConcGCThreads                            = 3                                         {product} {ergonomic}
     uint G1ConcRefinementThreads                  = 10                                        {product} {ergonomic}
   size_t G1HeapRegionSize                         = 1048576                                   {product} {ergonomic}
    uintx GCDrainStackTargetSize                   = 64                                        {product} {ergonomic}
   size_t InitialHeapSize                          = 264241152                                 {product} {ergonomic}
   size_t MarkStackSize                            = 4194304                                   {product} {ergonomic}
   size_t MaxHeapSize                              = 4208984064                                {product} {ergonomic}
   size_t MaxNewSize                               = 2524971008                                {product} {ergonomic}
   size_t MinHeapDeltaBytes                        = 1048576                                   {product} {ergonomic}
    uintx NonNMethodCodeHeapSize                   = 5836300                                {pd product} {ergonomic}
    uintx NonProfiledCodeHeapSize                  = 122910970                              {pd product} {ergonomic}
    uintx ProfiledCodeHeapSize                     = 122910970                              {pd product} {ergonomic}
    uintx ReservedCodeCacheSize                    = 251658240                              {pd product} {ergonomic}
     bool SegmentedCodeCache                       = true                                      {product} {ergonomic}
     bool UseCompressedClassPointers               = true                                 {lp64_product} {ergonomic}
     bool UseCompressedOops                        = true                                 {lp64_product} {ergonomic}
     bool UseG1GC                                  = true                                      {product} {ergonomic}
     bool UseLargePagesIndividualAllocation        = false                                  {pd product} {ergonomic}

Logging:
Log output configuration:
 #0: stdout all=warning uptime,level,tags
 #1: stderr all=off uptime,level,tags

Environment Variables:
JAVA_HOME=C:\Program Files\Java\jdk-11
PATH=C:\Program Files\Common Files\Oracle\Java\javapath;C:\windows\system32;C:\windows;C:\windows\System32\Wbem;C:\windows\System32\WindowsPowerShell\v1.0\;C:\windows\System32\OpenSSH\;C:\Program Files\Git\cmd;C:\Program Files\PuTTY\;C:\Users\relfo\AppData\Roaming\nvm;C:\Program Files\nodejs;C:\Users\relfo\.pyenv\pyenv-win\bin;C:\Users\relfo\.pyenv\pyenv-win\shims;C:\Users\relfo\AppData\Local\Programs\Python\Python312\Scripts\;C:\Users\relfo\AppData\Local\Programs\Python\Python312\;C:\Users\relfo\AppData\Local\Programs\Python\Launcher\;C:\Program Files\MySQL\MySQL Shell 8.0\bin\;C:\Users\relfo\AppData\Local\Microsoft\WindowsApps;C:\Program Files\Java\jdk-11\bin;C:\Users\relfo\AppData\Local\Programs\Microsoft VS Code\bin;C:\Users\relfo\AppData\Local\JetBrains\Toolbox\scripts;C:\Users\relfo\AppData\Local\GitHubDesktop\bin;C:\Users\relfo\AppData\Roaming\npm;C:\Users\relfo\AppData\Roaming\nvm;C:\Program Files\nodejs;C:\Program Files\JetBrains\IntelliJ IDEA Community Edition 2024.3.1\bin;;C:\Users\relfo\Downloads\apache-maven-3.9.9-bin.zip\apache-maven-3.9.9\bin;
USERNAME=relfo
OS=Windows_NT
PROCESSOR_IDENTIFIER=Intel64 Family 6 Model 154 Stepping 4, GenuineIntel



---------------  S Y S T E M  ---------------

OS: Windows 11 , 64 bit Build 22621 (10.0.22621.4830)
Hyper-V role detected

CPU:total 12 (initial active 12) (6 cores per cpu, 2 threads per core) family 6 model 154 stepping 4 microcode 0x42c, cmov, cx8, fxsr, mmx, sse, sse2, sse3, ssse3, sse4.1, sse4.2, popcnt, avx, avx2, aes, clmul, erms, 3dnowpref, lzcnt, ht, tsc, tscinvbit, bmi1, bmi2, adx, sha, fma

Memory: 4k page, system-wide physical 16055M (1143M free)
TotalPageFile size 33237M (AvailPageFile size 11M)
current process WorkingSet (physical memory assigned to process): 476M, peak: 580M
current process commit charge ("private bytes"): 607M, peak: 713M

vm_info: Java HotSpot(TM) 64-Bit Server VM (11.0.21+9-LTS-193) for windows-amd64 JRE (11.0.21+9-LTS-193), built on Sep 13 2023 11:04:38 by "mach5one" with MS VC++ 17.1 (VS2022)

END.
